[02-Apr-2024 20:04:57 UTC] PHP Fatal error:  Uncaught TypeError: str_contains(): Argument #1 ($haystack) must be of type string, array given in C:\xampp\htdocs\wordpress\wp-includes\blocks.php:1188
Stack trace:
#0 C:\xampp\htdocs\wordpress\wp-includes\blocks.php(1188): str_contains(Array, '<!--')
#1 C:\xampp\htdocs\wordpress\wp-includes\formatting.php(5226): filter_block_content(Array, 'post', Array)
#2 C:\xampp\htdocs\wordpress\wp-includes\class-wp-hook.php(324): wp_pre_kses_block_attributes(Array, 'post', Array)
#3 C:\xampp\htdocs\wordpress\wp-includes\plugin.php(205): WP_Hook->apply_filters(Array, Array)
#4 C:\xampp\htdocs\wordpress\wp-includes\kses.php(946): apply_filters('pre_kses', Array, 'post', Array)
#5 C:\xampp\htdocs\wordpress\wp-includes\kses.php(754): wp_kses_hook(Array, 'post', Array)
#6 C:\xampp\htdocs\wordpress\wp-includes\kses.php(2171): wp_kses(Array, 'post')
#7 C:\xampp\htdocs\wordpress\wp-content\themes\gaming-mag\inc\widgets\cv-slider.php(167): wp_kses_post(Array)
#8 C:\xampp\htdocs\wordpress\wp-includes\rest-api\endpoints\class-wp-rest-widget-types-controller.php(578): Gaming_Mag_Slider->form(Array)
#9 C:\xampp\htdocs\wordpress\wp-includes\rest-api\endpoints\class-wp-rest-widget-types-controller.php(516): WP_REST_Widget_Types_Controller->get_widget_form(Object(Gaming_Mag_Slider), Array)
#10 C:\xampp\htdocs\wordpress\wp-includes\rest-api\class-wp-rest-server.php(1193): WP_REST_Widget_Types_Controller->encode_form_data(Object(WP_REST_Request))
#11 C:\xampp\htdocs\wordpress\wp-includes\rest-api\class-wp-rest-server.php(1041): WP_REST_Server->respond_to_request(Object(WP_REST_Request), '/wp/v2/widget-t...', Array, NULL)
#12 C:\xampp\htdocs\wordpress\wp-includes\rest-api\class-wp-rest-server.php(431): WP_REST_Server->dispatch(Object(WP_REST_Request))
#13 C:\xampp\htdocs\wordpress\wp-includes\rest-api.php(424): WP_REST_Server->serve_request('/wp/v2/widget-t...')
#14 C:\xampp\htdocs\wordpress\wp-includes\class-wp-hook.php(324): rest_api_loaded(Object(WP))
#15 C:\xampp\htdocs\wordpress\wp-includes\class-wp-hook.php(348): WP_Hook->apply_filters('', Array)
#16 C:\xampp\htdocs\wordpress\wp-includes\plugin.php(565): WP_Hook->do_action(Array)
#17 C:\xampp\htdocs\wordpress\wp-includes\class-wp.php(418): do_action_ref_array('parse_request', Array)
#18 C:\xampp\htdocs\wordpress\wp-includes\class-wp.php(813): WP->parse_request('')
#19 C:\xampp\htdocs\wordpress\wp-includes\functions.php(1336): WP->main('')
#20 C:\xampp\htdocs\wordpress\wp-blog-header.php(16): wp()
#21 C:\xampp\htdocs\wordpress\index.php(17): require('C:\\xampp\\htdocs...')
#22 {main}
  thrown in C:\xampp\htdocs\wordpress\wp-includes\blocks.php on line 1188
[02-Apr-2024 20:04:58 UTC] PHP Fatal error:  Uncaught TypeError: str_contains(): Argument #1 ($haystack) must be of type string, array given in C:\xampp\htdocs\wordpress\wp-includes\blocks.php:1188
Stack trace:
#0 C:\xampp\htdocs\wordpress\wp-includes\blocks.php(1188): str_contains(Array, '<!--')
#1 C:\xampp\htdocs\wordpress\wp-includes\formatting.php(5226): filter_block_content(Array, 'post', Array)
#2 C:\xampp\htdocs\wordpress\wp-includes\class-wp-hook.php(324): wp_pre_kses_block_attributes(Array, 'post', Array)
#3 C:\xampp\htdocs\wordpress\wp-includes\plugin.php(205): WP_Hook->apply_filters(Array, Array)
#4 C:\xampp\htdocs\wordpress\wp-includes\kses.php(946): apply_filters('pre_kses', Array, 'post', Array)
#5 C:\xampp\htdocs\wordpress\wp-includes\kses.php(754): wp_kses_hook(Array, 'post', Array)
#6 C:\xampp\htdocs\wordpress\wp-includes\kses.php(2171): wp_kses(Array, 'post')
#7 C:\xampp\htdocs\wordpress\wp-content\themes\gaming-mag\inc\widgets\cv-slider.php(167): wp_kses_post(Array)
#8 C:\xampp\htdocs\wordpress\wp-includes\rest-api\endpoints\class-wp-rest-widget-types-controller.php(578): Gaming_Mag_Slider->form(Array)
#9 C:\xampp\htdocs\wordpress\wp-includes\rest-api\endpoints\class-wp-rest-widget-types-controller.php(516): WP_REST_Widget_Types_Controller->get_widget_form(Object(Gaming_Mag_Slider), Array)
#10 C:\xampp\htdocs\wordpress\wp-includes\rest-api\class-wp-rest-server.php(1193): WP_REST_Widget_Types_Controller->encode_form_data(Object(WP_REST_Request))
#11 C:\xampp\htdocs\wordpress\wp-includes\rest-api\class-wp-rest-server.php(1041): WP_REST_Server->respond_to_request(Object(WP_REST_Request), '/wp/v2/widget-t...', Array, NULL)
#12 C:\xampp\htdocs\wordpress\wp-includes\rest-api\class-wp-rest-server.php(431): WP_REST_Server->dispatch(Object(WP_REST_Request))
#13 C:\xampp\htdocs\wordpress\wp-includes\rest-api.php(424): WP_REST_Server->serve_request('/wp/v2/widget-t...')
#14 C:\xampp\htdocs\wordpress\wp-includes\class-wp-hook.php(324): rest_api_loaded(Object(WP))
#15 C:\xampp\htdocs\wordpress\wp-includes\class-wp-hook.php(348): WP_Hook->apply_filters('', Array)
#16 C:\xampp\htdocs\wordpress\wp-includes\plugin.php(565): WP_Hook->do_action(Array)
#17 C:\xampp\htdocs\wordpress\wp-includes\class-wp.php(418): do_action_ref_array('parse_request', Array)
#18 C:\xampp\htdocs\wordpress\wp-includes\class-wp.php(813): WP->parse_request('')
#19 C:\xampp\htdocs\wordpress\wp-includes\functions.php(1336): WP->main('')
#20 C:\xampp\htdocs\wordpress\wp-blog-header.php(16): wp()
#21 C:\xampp\htdocs\wordpress\index.php(17): require('C:\\xampp\\htdocs...')
#22 {main}
  thrown in C:\xampp\htdocs\wordpress\wp-includes\blocks.php on line 1188
[02-Apr-2024 20:04:59 UTC] PHP Fatal error:  Uncaught TypeError: str_contains(): Argument #1 ($haystack) must be of type string, array given in C:\xampp\htdocs\wordpress\wp-includes\blocks.php:1188
Stack trace:
#0 C:\xampp\htdocs\wordpress\wp-includes\blocks.php(1188): str_contains(Array, '<!--')
#1 C:\xampp\htdocs\wordpress\wp-includes\formatting.php(5226): filter_block_content(Array, 'post', Array)
#2 C:\xampp\htdocs\wordpress\wp-includes\class-wp-hook.php(324): wp_pre_kses_block_attributes(Array, 'post', Array)
#3 C:\xampp\htdocs\wordpress\wp-includes\plugin.php(205): WP_Hook->apply_filters(Array, Array)
#4 C:\xampp\htdocs\wordpress\wp-includes\kses.php(946): apply_filters('pre_kses', Array, 'post', Array)
#5 C:\xampp\htdocs\wordpress\wp-includes\kses.php(754): wp_kses_hook(Array, 'post', Array)
#6 C:\xampp\htdocs\wordpress\wp-includes\kses.php(2171): wp_kses(Array, 'post')
#7 C:\xampp\htdocs\wordpress\wp-content\themes\gaming-mag\inc\widgets\cv-slider.php(167): wp_kses_post(Array)
#8 C:\xampp\htdocs\wordpress\wp-includes\rest-api\endpoints\class-wp-rest-widget-types-controller.php(578): Gaming_Mag_Slider->form(Array)
#9 C:\xampp\htdocs\wordpress\wp-includes\rest-api\endpoints\class-wp-rest-widget-types-controller.php(516): WP_REST_Widget_Types_Controller->get_widget_form(Object(Gaming_Mag_Slider), Array)
#10 C:\xampp\htdocs\wordpress\wp-includes\rest-api\class-wp-rest-server.php(1193): WP_REST_Widget_Types_Controller->encode_form_data(Object(WP_REST_Request))
#11 C:\xampp\htdocs\wordpress\wp-includes\rest-api\class-wp-rest-server.php(1041): WP_REST_Server->respond_to_request(Object(WP_REST_Request), '/wp/v2/widget-t...', Array, NULL)
#12 C:\xampp\htdocs\wordpress\wp-includes\rest-api\class-wp-rest-server.php(431): WP_REST_Server->dispatch(Object(WP_REST_Request))
#13 C:\xampp\htdocs\wordpress\wp-includes\rest-api.php(424): WP_REST_Server->serve_request('/wp/v2/widget-t...')
#14 C:\xampp\htdocs\wordpress\wp-includes\class-wp-hook.php(324): rest_api_loaded(Object(WP))
#15 C:\xampp\htdocs\wordpress\wp-includes\class-wp-hook.php(348): WP_Hook->apply_filters('', Array)
#16 C:\xampp\htdocs\wordpress\wp-includes\plugin.php(565): WP_Hook->do_action(Array)
#17 C:\xampp\htdocs\wordpress\wp-includes\class-wp.php(418): do_action_ref_array('parse_request', Array)
#18 C:\xampp\htdocs\wordpress\wp-includes\class-wp.php(813): WP->parse_request('')
#19 C:\xampp\htdocs\wordpress\wp-includes\functions.php(1336): WP->main('')
#20 C:\xampp\htdocs\wordpress\wp-blog-header.php(16): wp()
#21 C:\xampp\htdocs\wordpress\index.php(17): require('C:\\xampp\\htdocs...')
#22 {main}
  thrown in C:\xampp\htdocs\wordpress\wp-includes\blocks.php on line 1188
[02-Apr-2024 20:04:59 UTC] PHP Fatal error:  Uncaught TypeError: str_contains(): Argument #1 ($haystack) must be of type string, array given in C:\xampp\htdocs\wordpress\wp-includes\blocks.php:1188
Stack trace:
#0 C:\xampp\htdocs\wordpress\wp-includes\blocks.php(1188): str_contains(Array, '<!--')
#1 C:\xampp\htdocs\wordpress\wp-includes\formatting.php(5226): filter_block_content(Array, 'post', Array)
#2 C:\xampp\htdocs\wordpress\wp-includes\class-wp-hook.php(324): wp_pre_kses_block_attributes(Array, 'post', Array)
#3 C:\xampp\htdocs\wordpress\wp-includes\plugin.php(205): WP_Hook->apply_filters(Array, Array)
#4 C:\xampp\htdocs\wordpress\wp-includes\kses.php(946): apply_filters('pre_kses', Array, 'post', Array)
#5 C:\xampp\htdocs\wordpress\wp-includes\kses.php(754): wp_kses_hook(Array, 'post', Array)
#6 C:\xampp\htdocs\wordpress\wp-includes\kses.php(2171): wp_kses(Array, 'post')
#7 C:\xampp\htdocs\wordpress\wp-content\themes\gaming-mag\inc\widgets\cv-slider.php(167): wp_kses_post(Array)
#8 C:\xampp\htdocs\wordpress\wp-includes\rest-api\endpoints\class-wp-rest-widget-types-controller.php(578): Gaming_Mag_Slider->form(Array)
#9 C:\xampp\htdocs\wordpress\wp-includes\rest-api\endpoints\class-wp-rest-widget-types-controller.php(516): WP_REST_Widget_Types_Controller->get_widget_form(Object(Gaming_Mag_Slider), Array)
#10 C:\xampp\htdocs\wordpress\wp-includes\rest-api\class-wp-rest-server.php(1193): WP_REST_Widget_Types_Controller->encode_form_data(Object(WP_REST_Request))
#11 C:\xampp\htdocs\wordpress\wp-includes\rest-api\class-wp-rest-server.php(1041): WP_REST_Server->respond_to_request(Object(WP_REST_Request), '/wp/v2/widget-t...', Array, NULL)
#12 C:\xampp\htdocs\wordpress\wp-includes\rest-api\class-wp-rest-server.php(431): WP_REST_Server->dispatch(Object(WP_REST_Request))
#13 C:\xampp\htdocs\wordpress\wp-includes\rest-api.php(424): WP_REST_Server->serve_request('/wp/v2/widget-t...')
#14 C:\xampp\htdocs\wordpress\wp-includes\class-wp-hook.php(324): rest_api_loaded(Object(WP))
#15 C:\xampp\htdocs\wordpress\wp-includes\class-wp-hook.php(348): WP_Hook->apply_filters('', Array)
#16 C:\xampp\htdocs\wordpress\wp-includes\plugin.php(565): WP_Hook->do_action(Array)
#17 C:\xampp\htdocs\wordpress\wp-includes\class-wp.php(418): do_action_ref_array('parse_request', Array)
#18 C:\xampp\htdocs\wordpress\wp-includes\class-wp.php(813): WP->parse_request('')
#19 C:\xampp\htdocs\wordpress\wp-includes\functions.php(1336): WP->main('')
#20 C:\xampp\htdocs\wordpress\wp-blog-header.php(16): wp()
#21 C:\xampp\htdocs\wordpress\index.php(17): require('C:\\xampp\\htdocs...')
#22 {main}
  thrown in C:\xampp\htdocs\wordpress\wp-includes\blocks.php on line 1188
[02-Apr-2024 20:05:04 UTC] PHP Fatal error:  Uncaught TypeError: str_contains(): Argument #1 ($haystack) must be of type string, array given in C:\xampp\htdocs\wordpress\wp-includes\blocks.php:1188
Stack trace:
#0 C:\xampp\htdocs\wordpress\wp-includes\blocks.php(1188): str_contains(Array, '<!--')
#1 C:\xampp\htdocs\wordpress\wp-includes\formatting.php(5226): filter_block_content(Array, 'post', Array)
#2 C:\xampp\htdocs\wordpress\wp-includes\class-wp-hook.php(324): wp_pre_kses_block_attributes(Array, 'post', Array)
#3 C:\xampp\htdocs\wordpress\wp-includes\plugin.php(205): WP_Hook->apply_filters(Array, Array)
#4 C:\xampp\htdocs\wordpress\wp-includes\kses.php(946): apply_filters('pre_kses', Array, 'post', Array)
#5 C:\xampp\htdocs\wordpress\wp-includes\kses.php(754): wp_kses_hook(Array, 'post', Array)
#6 C:\xampp\htdocs\wordpress\wp-includes\kses.php(2171): wp_kses(Array, 'post')
#7 C:\xampp\htdocs\wordpress\wp-content\themes\gaming-mag\inc\widgets\cv-slider.php(167): wp_kses_post(Array)
#8 C:\xampp\htdocs\wordpress\wp-includes\rest-api\endpoints\class-wp-rest-widget-types-controller.php(578): Gaming_Mag_Slider->form(Array)
#9 C:\xampp\htdocs\wordpress\wp-includes\rest-api\endpoints\class-wp-rest-widget-types-controller.php(516): WP_REST_Widget_Types_Controller->get_widget_form(Object(Gaming_Mag_Slider), Array)
#10 C:\xampp\htdocs\wordpress\wp-includes\rest-api\class-wp-rest-server.php(1193): WP_REST_Widget_Types_Controller->encode_form_data(Object(WP_REST_Request))
#11 C:\xampp\htdocs\wordpress\wp-includes\rest-api\class-wp-rest-server.php(1041): WP_REST_Server->respond_to_request(Object(WP_REST_Request), '/wp/v2/widget-t...', Array, NULL)
#12 C:\xampp\htdocs\wordpress\wp-includes\rest-api\class-wp-rest-server.php(431): WP_REST_Server->dispatch(Object(WP_REST_Request))
#13 C:\xampp\htdocs\wordpress\wp-includes\rest-api.php(424): WP_REST_Server->serve_request('/wp/v2/widget-t...')
#14 C:\xampp\htdocs\wordpress\wp-includes\class-wp-hook.php(324): rest_api_loaded(Object(WP))
#15 C:\xampp\htdocs\wordpress\wp-includes\class-wp-hook.php(348): WP_Hook->apply_filters('', Array)
#16 C:\xampp\htdocs\wordpress\wp-includes\plugin.php(565): WP_Hook->do_action(Array)
#17 C:\xampp\htdocs\wordpress\wp-includes\class-wp.php(418): do_action_ref_array('parse_request', Array)
#18 C:\xampp\htdocs\wordpress\wp-includes\class-wp.php(813): WP->parse_request('')
#19 C:\xampp\htdocs\wordpress\wp-includes\functions.php(1336): WP->main('')
#20 C:\xampp\htdocs\wordpress\wp-blog-header.php(16): wp()
#21 C:\xampp\htdocs\wordpress\index.php(17): require('C:\\xampp\\htdocs...')
#22 {main}
  thrown in C:\xampp\htdocs\wordpress\wp-includes\blocks.php on line 1188
[02-Apr-2024 20:05:04 UTC] PHP Fatal error:  Uncaught TypeError: str_contains(): Argument #1 ($haystack) must be of type string, array given in C:\xampp\htdocs\wordpress\wp-includes\blocks.php:1188
Stack trace:
#0 C:\xampp\htdocs\wordpress\wp-includes\blocks.php(1188): str_contains(Array, '<!--')
#1 C:\xampp\htdocs\wordpress\wp-includes\formatting.php(5226): filter_block_content(Array, 'post', Array)
#2 C:\xampp\htdocs\wordpress\wp-includes\class-wp-hook.php(324): wp_pre_kses_block_attributes(Array, 'post', Array)
#3 C:\xampp\htdocs\wordpress\wp-includes\plugin.php(205): WP_Hook->apply_filters(Array, Array)
#4 C:\xampp\htdocs\wordpress\wp-includes\kses.php(946): apply_filters('pre_kses', Array, 'post', Array)
#5 C:\xampp\htdocs\wordpress\wp-includes\kses.php(754): wp_kses_hook(Array, 'post', Array)
#6 C:\xampp\htdocs\wordpress\wp-includes\kses.php(2171): wp_kses(Array, 'post')
#7 C:\xampp\htdocs\wordpress\wp-content\themes\gaming-mag\inc\widgets\cv-slider.php(167): wp_kses_post(Array)
#8 C:\xampp\htdocs\wordpress\wp-includes\rest-api\endpoints\class-wp-rest-widget-types-controller.php(578): Gaming_Mag_Slider->form(Array)
#9 C:\xampp\htdocs\wordpress\wp-includes\rest-api\endpoints\class-wp-rest-widget-types-controller.php(516): WP_REST_Widget_Types_Controller->get_widget_form(Object(Gaming_Mag_Slider), Array)
#10 C:\xampp\htdocs\wordpress\wp-includes\rest-api\class-wp-rest-server.php(1193): WP_REST_Widget_Types_Controller->encode_form_data(Object(WP_REST_Request))
#11 C:\xampp\htdocs\wordpress\wp-includes\rest-api\class-wp-rest-server.php(1041): WP_REST_Server->respond_to_request(Object(WP_REST_Request), '/wp/v2/widget-t...', Array, NULL)
#12 C:\xampp\htdocs\wordpress\wp-includes\rest-api\class-wp-rest-server.php(431): WP_REST_Server->dispatch(Object(WP_REST_Request))
#13 C:\xampp\htdocs\wordpress\wp-includes\rest-api.php(424): WP_REST_Server->serve_request('/wp/v2/widget-t...')
#14 C:\xampp\htdocs\wordpress\wp-includes\class-wp-hook.php(324): rest_api_loaded(Object(WP))
#15 C:\xampp\htdocs\wordpress\wp-includes\class-wp-hook.php(348): WP_Hook->apply_filters('', Array)
#16 C:\xampp\htdocs\wordpress\wp-includes\plugin.php(565): WP_Hook->do_action(Array)
#17 C:\xampp\htdocs\wordpress\wp-includes\class-wp.php(418): do_action_ref_array('parse_request', Array)
#18 C:\xampp\htdocs\wordpress\wp-includes\class-wp.php(813): WP->parse_request('')
#19 C:\xampp\htdocs\wordpress\wp-includes\functions.php(1336): WP->main('')
#20 C:\xampp\htdocs\wordpress\wp-blog-header.php(16): wp()
#21 C:\xampp\htdocs\wordpress\index.php(17): require('C:\\xampp\\htdocs...')
#22 {main}
  thrown in C:\xampp\htdocs\wordpress\wp-includes\blocks.php on line 1188
[02-Apr-2024 20:05:05 UTC] PHP Fatal error:  Uncaught TypeError: str_contains(): Argument #1 ($haystack) must be of type string, array given in C:\xampp\htdocs\wordpress\wp-includes\blocks.php:1188
Stack trace:
#0 C:\xampp\htdocs\wordpress\wp-includes\blocks.php(1188): str_contains(Array, '<!--')
#1 C:\xampp\htdocs\wordpress\wp-includes\formatting.php(5226): filter_block_content(Array, 'post', Array)
#2 C:\xampp\htdocs\wordpress\wp-includes\class-wp-hook.php(324): wp_pre_kses_block_attributes(Array, 'post', Array)
#3 C:\xampp\htdocs\wordpress\wp-includes\plugin.php(205): WP_Hook->apply_filters(Array, Array)
#4 C:\xampp\htdocs\wordpress\wp-includes\kses.php(946): apply_filters('pre_kses', Array, 'post', Array)
#5 C:\xampp\htdocs\wordpress\wp-includes\kses.php(754): wp_kses_hook(Array, 'post', Array)
#6 C:\xampp\htdocs\wordpress\wp-includes\kses.php(2171): wp_kses(Array, 'post')
#7 C:\xampp\htdocs\wordpress\wp-content\themes\gaming-mag\inc\widgets\cv-slider.php(167): wp_kses_post(Array)
#8 C:\xampp\htdocs\wordpress\wp-includes\rest-api\endpoints\class-wp-rest-widget-types-controller.php(578): Gaming_Mag_Slider->form(Array)
#9 C:\xampp\htdocs\wordpress\wp-includes\rest-api\endpoints\class-wp-rest-widget-types-controller.php(516): WP_REST_Widget_Types_Controller->get_widget_form(Object(Gaming_Mag_Slider), Array)
#10 C:\xampp\htdocs\wordpress\wp-includes\rest-api\class-wp-rest-server.php(1193): WP_REST_Widget_Types_Controller->encode_form_data(Object(WP_REST_Request))
#11 C:\xampp\htdocs\wordpress\wp-includes\rest-api\class-wp-rest-server.php(1041): WP_REST_Server->respond_to_request(Object(WP_REST_Request), '/wp/v2/widget-t...', Array, NULL)
#12 C:\xampp\htdocs\wordpress\wp-includes\rest-api\class-wp-rest-server.php(431): WP_REST_Server->dispatch(Object(WP_REST_Request))
#13 C:\xampp\htdocs\wordpress\wp-includes\rest-api.php(424): WP_REST_Server->serve_request('/wp/v2/widget-t...')
#14 C:\xampp\htdocs\wordpress\wp-includes\class-wp-hook.php(324): rest_api_loaded(Object(WP))
#15 C:\xampp\htdocs\wordpress\wp-includes\class-wp-hook.php(348): WP_Hook->apply_filters('', Array)
#16 C:\xampp\htdocs\wordpress\wp-includes\plugin.php(565): WP_Hook->do_action(Array)
#17 C:\xampp\htdocs\wordpress\wp-includes\class-wp.php(418): do_action_ref_array('parse_request', Array)
#18 C:\xampp\htdocs\wordpress\wp-includes\class-wp.php(813): WP->parse_request('')
#19 C:\xampp\htdocs\wordpress\wp-includes\functions.php(1336): WP->main('')
#20 C:\xampp\htdocs\wordpress\wp-blog-header.php(16): wp()
#21 C:\xampp\htdocs\wordpress\index.php(17): require('C:\\xampp\\htdocs...')
#22 {main}
  thrown in C:\xampp\htdocs\wordpress\wp-includes\blocks.php on line 1188
[02-Apr-2024 20:05:10 UTC] PHP Fatal error:  Uncaught TypeError: str_contains(): Argument #1 ($haystack) must be of type string, array given in C:\xampp\htdocs\wordpress\wp-includes\blocks.php:1188
Stack trace:
#0 C:\xampp\htdocs\wordpress\wp-includes\blocks.php(1188): str_contains(Array, '<!--')
#1 C:\xampp\htdocs\wordpress\wp-includes\formatting.php(5226): filter_block_content(Array, 'post', Array)
#2 C:\xampp\htdocs\wordpress\wp-includes\class-wp-hook.php(324): wp_pre_kses_block_attributes(Array, 'post', Array)
#3 C:\xampp\htdocs\wordpress\wp-includes\plugin.php(205): WP_Hook->apply_filters(Array, Array)
#4 C:\xampp\htdocs\wordpress\wp-includes\kses.php(946): apply_filters('pre_kses', Array, 'post', Array)
#5 C:\xampp\htdocs\wordpress\wp-includes\kses.php(754): wp_kses_hook(Array, 'post', Array)
#6 C:\xampp\htdocs\wordpress\wp-includes\kses.php(2171): wp_kses(Array, 'post')
#7 C:\xampp\htdocs\wordpress\wp-content\themes\gaming-mag\inc\widgets\cv-slider.php(167): wp_kses_post(Array)
#8 C:\xampp\htdocs\wordpress\wp-includes\rest-api\endpoints\class-wp-rest-widget-types-controller.php(578): Gaming_Mag_Slider->form(Array)
#9 C:\xampp\htdocs\wordpress\wp-includes\rest-api\endpoints\class-wp-rest-widget-types-controller.php(516): WP_REST_Widget_Types_Controller->get_widget_form(Object(Gaming_Mag_Slider), Array)
#10 C:\xampp\htdocs\wordpress\wp-includes\rest-api\class-wp-rest-server.php(1193): WP_REST_Widget_Types_Controller->encode_form_data(Object(WP_REST_Request))
#11 C:\xampp\htdocs\wordpress\wp-includes\rest-api\class-wp-rest-server.php(1041): WP_REST_Server->respond_to_request(Object(WP_REST_Request), '/wp/v2/widget-t...', Array, NULL)
#12 C:\xampp\htdocs\wordpress\wp-includes\rest-api\class-wp-rest-server.php(431): WP_REST_Server->dispatch(Object(WP_REST_Request))
#13 C:\xampp\htdocs\wordpress\wp-includes\rest-api.php(424): WP_REST_Server->serve_request('/wp/v2/widget-t...')
#14 C:\xampp\htdocs\wordpress\wp-includes\class-wp-hook.php(324): rest_api_loaded(Object(WP))
#15 C:\xampp\htdocs\wordpress\wp-includes\class-wp-hook.php(348): WP_Hook->apply_filters('', Array)
#16 C:\xampp\htdocs\wordpress\wp-includes\plugin.php(565): WP_Hook->do_action(Array)
#17 C:\xampp\htdocs\wordpress\wp-includes\class-wp.php(418): do_action_ref_array('parse_request', Array)
#18 C:\xampp\htdocs\wordpress\wp-includes\class-wp.php(813): WP->parse_request('')
#19 C:\xampp\htdocs\wordpress\wp-includes\functions.php(1336): WP->main('')
#20 C:\xampp\htdocs\wordpress\wp-blog-header.php(16): wp()
#21 C:\xampp\htdocs\wordpress\index.php(17): require('C:\\xampp\\htdocs...')
#22 {main}
  thrown in C:\xampp\htdocs\wordpress\wp-includes\blocks.php on line 1188
